{
  "uid" : "4e2088e342773731",
  "name" : "loginTest",
  "fullName" : "allure_reports.Tests.loginTest",
  "historyId" : "326b3789fa31a5fd788068cc8f43e0e0",
  "time" : {
    "start" : 1622125754039,
    "stop" : 1622125758111,
    "duration" : 4072
  },
  "description" : "Verify Login........",
  "descriptionHtml" : "<p>Verify Login........</p>\n",
  "status" : "failed",
  "statusMessage" : "expected [Success log in] but found [nopCommerce demo store. Login]",
  "statusTrace" : "java.lang.AssertionError: expected [Success log in] but found [nopCommerce demo store. Login]\r\n\tat org.testng.Assert.fail(Assert.java:99)\r\n\tat org.testng.Assert.failNotEquals(Assert.java:1037)\r\n\tat org.testng.Assert.assertEqualsImpl(Assert.java:140)\r\n\tat org.testng.Assert.assertEquals(Assert.java:122)\r\n\tat org.testng.Assert.assertEquals(Assert.java:629)\r\n\tat org.testng.Assert.assertEquals(Assert.java:639)\r\n\tat allure_reports.Tests.loginTest(Tests.java:69)\r\n\tat sun.reflect.NativeMethodAccessorImpl.invoke0(Native Method)\r\n\tat sun.reflect.NativeMethodAccessorImpl.invoke(NativeMethodAccessorImpl.java:62)\r\n\tat sun.reflect.DelegatingMethodAccessorImpl.invoke(DelegatingMethodAccessorImpl.java:43)\r\n\tat java.lang.reflect.Method.invoke(Method.java:498)\r\n\tat org.testng.internal.MethodInvocationHelper.invokeMethod(MethodInvocationHelper.java:133)\r\n\tat org.testng.internal.TestInvoker.invokeMethod(TestInvoker.java:598)\r\n\tat org.testng.internal.TestInvoker.invokeTestMethod(TestInvoker.java:173)\r\n\tat org.testng.internal.MethodRunner.runInSequence(MethodRunner.java:46)\r\n\tat org.testng.internal.TestInvoker$MethodInvocationAgent.invoke(TestInvoker.java:824)\r\n\tat org.testng.internal.TestInvoker.invokeTestMethods(TestInvoker.java:146)\r\n\tat org.testng.internal.TestMethodWorker.invokeTestMethods(TestMethodWorker.java:146)\r\n\tat org.testng.internal.TestMethodWorker.run(TestMethodWorker.java:128)\r\n\tat java.util.ArrayList.forEach(ArrayList.java:1259)\r\n\tat org.testng.TestRunner.privateRun(TestRunner.java:794)\r\n\tat org.testng.TestRunner.run(TestRunner.java:596)\r\n\tat org.testng.SuiteRunner.runTest(SuiteRunner.java:377)\r\n\tat org.testng.SuiteRunner.runSequentially(SuiteRunner.java:371)\r\n\tat org.testng.SuiteRunner.privateRun(SuiteRunner.java:332)\r\n\tat org.testng.SuiteRunner.run(SuiteRunner.java:276)\r\n\tat org.testng.SuiteRunnerWorker.runSuite(SuiteRunnerWorker.java:53)\r\n\tat org.testng.SuiteRunnerWorker.run(SuiteRunnerWorker.java:96)\r\n\tat org.testng.TestNG.runSuitesSequentially(TestNG.java:1212)\r\n\tat org.testng.TestNG.runSuitesLocally(TestNG.java:1134)\r\n\tat org.testng.TestNG.runSuites(TestNG.java:1063)\r\n\tat org.testng.TestNG.run(TestNG.java:1031)\r\n\tat org.apache.maven.surefire.testng.TestNGExecutor.run(TestNGExecutor.java:283)\r\n\tat org.apache.maven.surefire.testng.TestNGXmlTestSuite.execute(TestNGXmlTestSuite.java:75)\r\n\tat org.apache.maven.surefire.testng.TestNGProvider.invoke(TestNGProvider.java:120)\r\n\tat org.apache.maven.surefire.booter.ForkedBooter.invokeProviderInSameClassLoader(ForkedBooter.java:386)\r\n\tat org.apache.maven.surefire.booter.ForkedBooter.runSuitesInProcess(ForkedBooter.java:323)\r\n\tat org.apache.maven.surefire.booter.ForkedBooter.main(ForkedBooter.java:143)\r\n",
  "flaky" : false,
  "newFailed" : false,
  "beforeStages" : [ {
    "name" : "setup",
    "time" : {
      "start" : 1622125749797,
      "stop" : 1622125753797,
      "duration" : 4000
    },
    "description" : "",
    "status" : "passed",
    "steps" : [ ],
    "attachments" : [ ],
    "parameters" : [ ],
    "stepsCount" : 0,
    "hasContent" : false,
    "shouldDisplayMessage" : false,
    "attachmentsCount" : 0
  } ],
  "testStage" : {
    "description" : "Verify Login........",
    "status" : "failed",
    "statusMessage" : "expected [Success log in] but found [nopCommerce demo store. Login]",
    "statusTrace" : "java.lang.AssertionError: expected [Success log in] but found [nopCommerce demo store. Login]\r\n\tat org.testng.Assert.fail(Assert.java:99)\r\n\tat org.testng.Assert.failNotEquals(Assert.java:1037)\r\n\tat org.testng.Assert.assertEqualsImpl(Assert.java:140)\r\n\tat org.testng.Assert.assertEquals(Assert.java:122)\r\n\tat org.testng.Assert.assertEquals(Assert.java:629)\r\n\tat org.testng.Assert.assertEquals(Assert.java:639)\r\n\tat allure_reports.Tests.loginTest(Tests.java:69)\r\n\tat sun.reflect.NativeMethodAccessorImpl.invoke0(Native Method)\r\n\tat sun.reflect.NativeMethodAccessorImpl.invoke(NativeMethodAccessorImpl.java:62)\r\n\tat sun.reflect.DelegatingMethodAccessorImpl.invoke(DelegatingMethodAccessorImpl.java:43)\r\n\tat java.lang.reflect.Method.invoke(Method.java:498)\r\n\tat org.testng.internal.MethodInvocationHelper.invokeMethod(MethodInvocationHelper.java:133)\r\n\tat org.testng.internal.TestInvoker.invokeMethod(TestInvoker.java:598)\r\n\tat org.testng.internal.TestInvoker.invokeTestMethod(TestInvoker.java:173)\r\n\tat org.testng.internal.MethodRunner.runInSequence(MethodRunner.java:46)\r\n\tat org.testng.internal.TestInvoker$MethodInvocationAgent.invoke(TestInvoker.java:824)\r\n\tat org.testng.internal.TestInvoker.invokeTestMethods(TestInvoker.java:146)\r\n\tat org.testng.internal.TestMethodWorker.invokeTestMethods(TestMethodWorker.java:146)\r\n\tat org.testng.internal.TestMethodWorker.run(TestMethodWorker.java:128)\r\n\tat java.util.ArrayList.forEach(ArrayList.java:1259)\r\n\tat org.testng.TestRunner.privateRun(TestRunner.java:794)\r\n\tat org.testng.TestRunner.run(TestRunner.java:596)\r\n\tat org.testng.SuiteRunner.runTest(SuiteRunner.java:377)\r\n\tat org.testng.SuiteRunner.runSequentially(SuiteRunner.java:371)\r\n\tat org.testng.SuiteRunner.privateRun(SuiteRunner.java:332)\r\n\tat org.testng.SuiteRunner.run(SuiteRunner.java:276)\r\n\tat org.testng.SuiteRunnerWorker.runSuite(SuiteRunnerWorker.java:53)\r\n\tat org.testng.SuiteRunnerWorker.run(SuiteRunnerWorker.java:96)\r\n\tat org.testng.TestNG.runSuitesSequentially(TestNG.java:1212)\r\n\tat org.testng.TestNG.runSuitesLocally(TestNG.java:1134)\r\n\tat org.testng.TestNG.runSuites(TestNG.java:1063)\r\n\tat org.testng.TestNG.run(TestNG.java:1031)\r\n\tat org.apache.maven.surefire.testng.TestNGExecutor.run(TestNGExecutor.java:283)\r\n\tat org.apache.maven.surefire.testng.TestNGXmlTestSuite.execute(TestNGXmlTestSuite.java:75)\r\n\tat org.apache.maven.surefire.testng.TestNGProvider.invoke(TestNGProvider.java:120)\r\n\tat org.apache.maven.surefire.booter.ForkedBooter.invokeProviderInSameClassLoader(ForkedBooter.java:386)\r\n\tat org.apache.maven.surefire.booter.ForkedBooter.runSuitesInProcess(ForkedBooter.java:323)\r\n\tat org.apache.maven.surefire.booter.ForkedBooter.main(ForkedBooter.java:143)\r\n",
    "steps" : [ {
      "name" : "Verify login",
      "time" : {
        "start" : 1622125754039,
        "stop" : 1622125757979,
        "duration" : 3940
      },
      "status" : "failed",
      "statusMessage" : "expected [Success log in] but found [nopCommerce demo store. Login]",
      "statusTrace" : "java.lang.AssertionError: expected [Success log in] but found [nopCommerce demo store. Login]\r\n\tat org.testng.Assert.fail(Assert.java:99)\r\n\tat org.testng.Assert.failNotEquals(Assert.java:1037)\r\n\tat org.testng.Assert.assertEqualsImpl(Assert.java:140)\r\n\tat org.testng.Assert.assertEquals(Assert.java:122)\r\n\tat org.testng.Assert.assertEquals(Assert.java:629)\r\n\tat org.testng.Assert.assertEquals(Assert.java:639)\r\n\tat allure_reports.Tests.loginTest(Tests.java:69)\r\n\tat sun.reflect.NativeMethodAccessorImpl.invoke0(Native Method)\r\n\tat sun.reflect.NativeMethodAccessorImpl.invoke(NativeMethodAccessorImpl.java:62)\r\n\tat sun.reflect.DelegatingMethodAccessorImpl.invoke(DelegatingMethodAccessorImpl.java:43)\r\n\tat java.lang.reflect.Method.invoke(Method.java:498)\r\n\tat org.testng.internal.MethodInvocationHelper.invokeMethod(MethodInvocationHelper.java:133)\r\n\tat org.testng.internal.TestInvoker.invokeMethod(TestInvoker.java:598)\r\n\tat org.testng.internal.TestInvoker.invokeTestMethod(TestInvoker.java:173)\r\n\tat org.testng.internal.MethodRunner.runInSequence(MethodRunner.java:46)\r\n\tat org.testng.internal.TestInvoker$MethodInvocationAgent.invoke(TestInvoker.java:824)\r\n\tat org.testng.internal.TestInvoker.invokeTestMethods(TestInvoker.java:146)\r\n\tat org.testng.internal.TestMethodWorker.invokeTestMethods(TestMethodWorker.java:146)\r\n\tat org.testng.internal.TestMethodWorker.run(TestMethodWorker.java:128)\r\n\tat java.util.ArrayList.forEach(ArrayList.java:1259)\r\n\tat org.testng.TestRunner.privateRun(TestRunner.java:794)\r\n\tat org.testng.TestRunner.run(TestRunner.java:596)\r\n\tat org.testng.SuiteRunner.runTest(SuiteRunner.java:377)\r\n\tat org.testng.SuiteRunner.runSequentially(SuiteRunner.java:371)\r\n\tat org.testng.SuiteRunner.privateRun(SuiteRunner.java:332)\r\n\tat org.testng.SuiteRunner.run(SuiteRunner.java:276)\r\n\tat org.testng.SuiteRunnerWorker.runSuite(SuiteRunnerWorker.java:53)\r\n\tat org.testng.SuiteRunnerWorker.run(SuiteRunnerWorker.java:96)\r\n\tat org.testng.TestNG.runSuitesSequentially(TestNG.java:1212)\r\n\tat org.testng.TestNG.runSuitesLocally(TestNG.java:1134)\r\n\tat org.testng.TestNG.runSuites(TestNG.java:1063)\r\n\tat org.testng.TestNG.run(TestNG.java:1031)\r\n\tat org.apache.maven.surefire.testng.TestNGExecutor.run(TestNGExecutor.java:283)\r\n\tat org.apache.maven.surefire.testng.TestNGXmlTestSuite.execute(TestNGXmlTestSuite.java:75)\r\n\tat org.apache.maven.surefire.testng.TestNGProvider.invoke(TestNGProvider.java:120)\r\n\tat org.apache.maven.surefire.booter.ForkedBooter.invokeProviderInSameClassLoader(ForkedBooter.java:386)\r\n\tat org.apache.maven.surefire.booter.ForkedBooter.runSuitesInProcess(ForkedBooter.java:323)\r\n\tat org.apache.maven.surefire.booter.ForkedBooter.main(ForkedBooter.java:143)\r\n",
      "steps" : [ ],
      "attachments" : [ ],
      "parameters" : [ ],
      "stepsCount" : 0,
      "hasContent" : true,
      "shouldDisplayMessage" : true,
      "attachmentsCount" : 0
    } ],
    "attachments" : [ {
      "uid" : "d00d1f2d5148493d",
      "name" : "saveFailureScreenShot",
      "source" : "d00d1f2d5148493d.png",
      "type" : "image/png",
      "size" : 74217
    }, {
      "uid" : "5d574ce963790a06",
      "name" : "loginTest failed and screenshot taken!",
      "source" : "5d574ce963790a06.txt",
      "type" : "text/plain",
      "size" : 38
    } ],
    "parameters" : [ ],
    "stepsCount" : 1,
    "hasContent" : true,
    "shouldDisplayMessage" : false,
    "attachmentsCount" : 2
  },
  "afterStages" : [ {
    "name" : "tearDown",
    "time" : {
      "start" : 1622125758128,
      "stop" : 1622125758752,
      "duration" : 624
    },
    "description" : "",
    "status" : "passed",
    "steps" : [ ],
    "attachments" : [ ],
    "parameters" : [ ],
    "stepsCount" : 0,
    "hasContent" : false,
    "shouldDisplayMessage" : false,
    "attachmentsCount" : 0
  } ],
  "labels" : [ {
    "name" : "package",
    "value" : "allure_reports.Tests"
  }, {
    "name" : "testClass",
    "value" : "allure_reports.Tests"
  }, {
    "name" : "testMethod",
    "value" : "loginTest"
  }, {
    "name" : "parentSuite",
    "value" : "All Test Suite"
  }, {
    "name" : "suite",
    "value" : "E:/IT/AllureReportSeleniumTestNG"
  }, {
    "name" : "subSuite",
    "value" : "allure_reports.Tests"
  }, {
    "name" : "host",
    "value" : "DESKTOP-1CSVMUE"
  }, {
    "name" : "thread",
    "value" : "9392@DESKTOP-1CSVMUE.main(1)"
  }, {
    "name" : "framework",
    "value" : "testng"
  }, {
    "name" : "language",
    "value" : "java"
  }, {
    "name" : "story",
    "value" : "Story: Valid Login"
  }, {
    "name" : "epic",
    "value" : "EP001"
  }, {
    "name" : "feature",
    "value" : "Feature 1: Login"
  }, {
    "name" : "severity",
    "value" : "blocker"
  }, {
    "name" : "resultFormat",
    "value" : "allure2"
  } ],
  "parameters" : [ ],
  "links" : [ ],
  "hidden" : false,
  "retry" : false,
  "extra" : {
    "severity" : "blocker",
    "retries" : [ {
      "uid" : "e44b0ab702becbe7",
      "status" : "failed",
      "statusDetails" : "expected [Success log in] but found [nopCommerce demo store. Login]",
      "time" : {
        "start" : 1622124283749,
        "stop" : 1622124286845,
        "duration" : 3096
      }
    }, {
      "uid" : "f153c06fcb68438a",
      "status" : "failed",
      "statusDetails" : "expected [Success log in] but found [nopCommerce demo store. Login]",
      "time" : {
        "start" : 1622124239920,
        "stop" : 1622124243058,
        "duration" : 3138
      }
    }, {
      "uid" : "5c2ec2a71645c38",
      "status" : "failed",
      "statusDetails" : "expected [Success log in] but found [nopCommerce demo store. Login]",
      "time" : {
        "start" : 1622113387727,
        "stop" : 1622113391824,
        "duration" : 4097
      }
    }, {
      "uid" : "e3ed3fc2ccf0d5f6",
      "status" : "failed",
      "statusDetails" : "expected [Success log in] but found [nopCommerce demo store. Login]",
      "time" : {
        "start" : 1621287781274,
        "stop" : 1621287784506,
        "duration" : 3232
      }
    }, {
      "uid" : "bc91832ea41d8664",
      "status" : "failed",
      "statusDetails" : "expected [Success log in] but found [nopCommerce demo store. Login]",
      "time" : {
        "start" : 1621287700992,
        "stop" : 1621287704986,
        "duration" : 3994
      }
    }, {
      "uid" : "8a27348b1f29898",
      "status" : "failed",
      "statusDetails" : "expected [Success log in] but found [nopCommerce demo store. Login]",
      "time" : {
        "start" : 1621285849951,
        "stop" : 1621285853912,
        "duration" : 3961
      }
    }, {
      "uid" : "674424bfc9b697e8",
      "status" : "failed",
      "statusDetails" : "expected [Success log in] but found [nopCommerce demo store. Login]",
      "time" : {
        "start" : 1621280058770,
        "stop" : 1621280061860,
        "duration" : 3090
      }
    }, {
      "uid" : "ff1ba002a139382d",
      "status" : "failed",
      "statusDetails" : "expected [Success log in] but found [nopCommerce demo store. Login]",
      "time" : {
        "start" : 1621201674020,
        "stop" : 1621201677050,
        "duration" : 3030
      }
    }, {
      "uid" : "1cd2864ab54a0a9d",
      "status" : "failed",
      "statusDetails" : "expected [Success log in] but found [nopCommerce demo store. Login]",
      "time" : {
        "start" : 1621201506302,
        "stop" : 1621201510307,
        "duration" : 4005
      }
    }, {
      "uid" : "7f1798839f4ae0ef",
      "status" : "failed",
      "statusDetails" : "expected [Success log in] but found [nopCommerce demo store. Login]",
      "time" : {
        "start" : 1621201260179,
        "stop" : 1621201263289,
        "duration" : 3110
      }
    }, {
      "uid" : "69a7b8ba1c46f14c",
      "status" : "failed",
      "statusDetails" : "expected [Success log in] but found [nopCommerce demo store. Login]",
      "time" : {
        "start" : 1621201142135,
        "stop" : 1621201146100,
        "duration" : 3965
      }
    }, {
      "uid" : "a56cdc9458ded1d",
      "status" : "failed",
      "statusDetails" : "expected [Success log in] but found [nopCommerce demo store. Login]",
      "time" : {
        "start" : 1621198572780,
        "stop" : 1621198578501,
        "duration" : 5721
      }
    }, {
      "uid" : "fd9582df37e399f6",
      "status" : "failed",
      "statusDetails" : "expected [Success log in] but found [nopCommerce demo store. Login]",
      "time" : {
        "start" : 1619112645645,
        "stop" : 1619112649907,
        "duration" : 4262
      }
    } ],
    "categories" : [ {
      "name" : "Product defects",
      "matchedStatuses" : [ ],
      "flaky" : false
    } ],
    "tags" : [ ]
  },
  "source" : "4e2088e342773731.json",
  "parameterValues" : [ ]
}