{
  "uid" : "814d5ccf0e86d3ac",
  "name" : "registrationTest",
  "fullName" : "allure_reports.Tests.registrationTest",
  "historyId" : "8e661b6f6dcd71a55a330cd99bb5e23a",
  "time" : {
    "start" : 1622125758124,
    "stop" : 1622125758125,
    "duration" : 1
  },
  "description" : "Verify Login........",
  "descriptionHtml" : "<p>Verify Login........</p>\n",
  "status" : "skipped",
  "statusMessage" : "Skipping this test",
  "statusTrace" : "org.testng.SkipException: Skipping this test\r\n\tat allure_reports.Tests.registrationTest(Tests.java:80)\r\n\tat sun.reflect.NativeMethodAccessorImpl.invoke0(Native Method)\r\n\tat sun.reflect.NativeMethodAccessorImpl.invoke(NativeMethodAccessorImpl.java:62)\r\n\tat sun.reflect.DelegatingMethodAccessorImpl.invoke(DelegatingMethodAccessorImpl.java:43)\r\n\tat java.lang.reflect.Method.invoke(Method.java:498)\r\n\tat org.testng.internal.MethodInvocationHelper.invokeMethod(MethodInvocationHelper.java:133)\r\n\tat org.testng.internal.TestInvoker.invokeMethod(TestInvoker.java:598)\r\n\tat org.testng.internal.TestInvoker.invokeTestMethod(TestInvoker.java:173)\r\n\tat org.testng.internal.MethodRunner.runInSequence(MethodRunner.java:46)\r\n\tat org.testng.internal.TestInvoker$MethodInvocationAgent.invoke(TestInvoker.java:824)\r\n\tat org.testng.internal.TestInvoker.invokeTestMethods(TestInvoker.java:146)\r\n\tat org.testng.internal.TestMethodWorker.invokeTestMethods(TestMethodWorker.java:146)\r\n\tat org.testng.internal.TestMethodWorker.run(TestMethodWorker.java:128)\r\n\tat java.util.ArrayList.forEach(ArrayList.java:1259)\r\n\tat org.testng.TestRunner.privateRun(TestRunner.java:794)\r\n\tat org.testng.TestRunner.run(TestRunner.java:596)\r\n\tat org.testng.SuiteRunner.runTest(SuiteRunner.java:377)\r\n\tat org.testng.SuiteRunner.runSequentially(SuiteRunner.java:371)\r\n\tat org.testng.SuiteRunner.privateRun(SuiteRunner.java:332)\r\n\tat org.testng.SuiteRunner.run(SuiteRunner.java:276)\r\n\tat org.testng.SuiteRunnerWorker.runSuite(SuiteRunnerWorker.java:53)\r\n\tat org.testng.SuiteRunnerWorker.run(SuiteRunnerWorker.java:96)\r\n\tat org.testng.TestNG.runSuitesSequentially(TestNG.java:1212)\r\n\tat org.testng.TestNG.runSuitesLocally(TestNG.java:1134)\r\n\tat org.testng.TestNG.runSuites(TestNG.java:1063)\r\n\tat org.testng.TestNG.run(TestNG.java:1031)\r\n\tat org.apache.maven.surefire.testng.TestNGExecutor.run(TestNGExecutor.java:283)\r\n\tat org.apache.maven.surefire.testng.TestNGXmlTestSuite.execute(TestNGXmlTestSuite.java:75)\r\n\tat org.apache.maven.surefire.testng.TestNGProvider.invoke(TestNGProvider.java:120)\r\n\tat org.apache.maven.surefire.booter.ForkedBooter.invokeProviderInSameClassLoader(ForkedBooter.java:386)\r\n\tat org.apache.maven.surefire.booter.ForkedBooter.runSuitesInProcess(ForkedBooter.java:323)\r\n\tat org.apache.maven.surefire.booter.ForkedBooter.main(ForkedBooter.java:143)\r\n",
  "flaky" : false,
  "newFailed" : false,
  "beforeStages" : [ {
    "name" : "setup",
    "time" : {
      "start" : 1622125749797,
      "stop" : 1622125753797,
      "duration" : 4000
    },
    "description" : "",
    "status" : "passed",
    "steps" : [ ],
    "attachments" : [ ],
    "parameters" : [ ],
    "stepsCount" : 0,
    "hasContent" : false,
    "shouldDisplayMessage" : false,
    "attachmentsCount" : 0
  } ],
  "testStage" : {
    "description" : "Verify Login........",
    "status" : "skipped",
    "statusMessage" : "Skipping this test",
    "statusTrace" : "org.testng.SkipException: Skipping this test\r\n\tat allure_reports.Tests.registrationTest(Tests.java:80)\r\n\tat sun.reflect.NativeMethodAccessorImpl.invoke0(Native Method)\r\n\tat sun.reflect.NativeMethodAccessorImpl.invoke(NativeMethodAccessorImpl.java:62)\r\n\tat sun.reflect.DelegatingMethodAccessorImpl.invoke(DelegatingMethodAccessorImpl.java:43)\r\n\tat java.lang.reflect.Method.invoke(Method.java:498)\r\n\tat org.testng.internal.MethodInvocationHelper.invokeMethod(MethodInvocationHelper.java:133)\r\n\tat org.testng.internal.TestInvoker.invokeMethod(TestInvoker.java:598)\r\n\tat org.testng.internal.TestInvoker.invokeTestMethod(TestInvoker.java:173)\r\n\tat org.testng.internal.MethodRunner.runInSequence(MethodRunner.java:46)\r\n\tat org.testng.internal.TestInvoker$MethodInvocationAgent.invoke(TestInvoker.java:824)\r\n\tat org.testng.internal.TestInvoker.invokeTestMethods(TestInvoker.java:146)\r\n\tat org.testng.internal.TestMethodWorker.invokeTestMethods(TestMethodWorker.java:146)\r\n\tat org.testng.internal.TestMethodWorker.run(TestMethodWorker.java:128)\r\n\tat java.util.ArrayList.forEach(ArrayList.java:1259)\r\n\tat org.testng.TestRunner.privateRun(TestRunner.java:794)\r\n\tat org.testng.TestRunner.run(TestRunner.java:596)\r\n\tat org.testng.SuiteRunner.runTest(SuiteRunner.java:377)\r\n\tat org.testng.SuiteRunner.runSequentially(SuiteRunner.java:371)\r\n\tat org.testng.SuiteRunner.privateRun(SuiteRunner.java:332)\r\n\tat org.testng.SuiteRunner.run(SuiteRunner.java:276)\r\n\tat org.testng.SuiteRunnerWorker.runSuite(SuiteRunnerWorker.java:53)\r\n\tat org.testng.SuiteRunnerWorker.run(SuiteRunnerWorker.java:96)\r\n\tat org.testng.TestNG.runSuitesSequentially(TestNG.java:1212)\r\n\tat org.testng.TestNG.runSuitesLocally(TestNG.java:1134)\r\n\tat org.testng.TestNG.runSuites(TestNG.java:1063)\r\n\tat org.testng.TestNG.run(TestNG.java:1031)\r\n\tat org.apache.maven.surefire.testng.TestNGExecutor.run(TestNGExecutor.java:283)\r\n\tat org.apache.maven.surefire.testng.TestNGXmlTestSuite.execute(TestNGXmlTestSuite.java:75)\r\n\tat org.apache.maven.surefire.testng.TestNGProvider.invoke(TestNGProvider.java:120)\r\n\tat org.apache.maven.surefire.booter.ForkedBooter.invokeProviderInSameClassLoader(ForkedBooter.java:386)\r\n\tat org.apache.maven.surefire.booter.ForkedBooter.runSuitesInProcess(ForkedBooter.java:323)\r\n\tat org.apache.maven.surefire.booter.ForkedBooter.main(ForkedBooter.java:143)\r\n",
    "steps" : [ {
      "name" : "Verify login",
      "time" : {
        "start" : 1622125758125,
        "stop" : 1622125758125,
        "duration" : 0
      },
      "status" : "broken",
      "statusMessage" : "Skipping this test",
      "statusTrace" : "org.testng.SkipException: Skipping this test\r\n\tat allure_reports.Tests.registrationTest(Tests.java:80)\r\n\tat sun.reflect.NativeMethodAccessorImpl.invoke0(Native Method)\r\n\tat sun.reflect.NativeMethodAccessorImpl.invoke(NativeMethodAccessorImpl.java:62)\r\n\tat sun.reflect.DelegatingMethodAccessorImpl.invoke(DelegatingMethodAccessorImpl.java:43)\r\n\tat java.lang.reflect.Method.invoke(Method.java:498)\r\n\tat org.testng.internal.MethodInvocationHelper.invokeMethod(MethodInvocationHelper.java:133)\r\n\tat org.testng.internal.TestInvoker.invokeMethod(TestInvoker.java:598)\r\n\tat org.testng.internal.TestInvoker.invokeTestMethod(TestInvoker.java:173)\r\n\tat org.testng.internal.MethodRunner.runInSequence(MethodRunner.java:46)\r\n\tat org.testng.internal.TestInvoker$MethodInvocationAgent.invoke(TestInvoker.java:824)\r\n\tat org.testng.internal.TestInvoker.invokeTestMethods(TestInvoker.java:146)\r\n\tat org.testng.internal.TestMethodWorker.invokeTestMethods(TestMethodWorker.java:146)\r\n\tat org.testng.internal.TestMethodWorker.run(TestMethodWorker.java:128)\r\n\tat java.util.ArrayList.forEach(ArrayList.java:1259)\r\n\tat org.testng.TestRunner.privateRun(TestRunner.java:794)\r\n\tat org.testng.TestRunner.run(TestRunner.java:596)\r\n\tat org.testng.SuiteRunner.runTest(SuiteRunner.java:377)\r\n\tat org.testng.SuiteRunner.runSequentially(SuiteRunner.java:371)\r\n\tat org.testng.SuiteRunner.privateRun(SuiteRunner.java:332)\r\n\tat org.testng.SuiteRunner.run(SuiteRunner.java:276)\r\n\tat org.testng.SuiteRunnerWorker.runSuite(SuiteRunnerWorker.java:53)\r\n\tat org.testng.SuiteRunnerWorker.run(SuiteRunnerWorker.java:96)\r\n\tat org.testng.TestNG.runSuitesSequentially(TestNG.java:1212)\r\n\tat org.testng.TestNG.runSuitesLocally(TestNG.java:1134)\r\n\tat org.testng.TestNG.runSuites(TestNG.java:1063)\r\n\tat org.testng.TestNG.run(TestNG.java:1031)\r\n\tat org.apache.maven.surefire.testng.TestNGExecutor.run(TestNGExecutor.java:283)\r\n\tat org.apache.maven.surefire.testng.TestNGXmlTestSuite.execute(TestNGXmlTestSuite.java:75)\r\n\tat org.apache.maven.surefire.testng.TestNGProvider.invoke(TestNGProvider.java:120)\r\n\tat org.apache.maven.surefire.booter.ForkedBooter.invokeProviderInSameClassLoader(ForkedBooter.java:386)\r\n\tat org.apache.maven.surefire.booter.ForkedBooter.runSuitesInProcess(ForkedBooter.java:323)\r\n\tat org.apache.maven.surefire.booter.ForkedBooter.main(ForkedBooter.java:143)\r\n",
      "steps" : [ ],
      "attachments" : [ ],
      "parameters" : [ ],
      "stepsCount" : 0,
      "hasContent" : true,
      "shouldDisplayMessage" : true,
      "attachmentsCount" : 0
    } ],
    "attachments" : [ ],
    "parameters" : [ ],
    "stepsCount" : 1,
    "hasContent" : true,
    "shouldDisplayMessage" : false,
    "attachmentsCount" : 0
  },
  "afterStages" : [ {
    "name" : "tearDown",
    "time" : {
      "start" : 1622125758128,
      "stop" : 1622125758752,
      "duration" : 624
    },
    "description" : "",
    "status" : "passed",
    "steps" : [ ],
    "attachments" : [ ],
    "parameters" : [ ],
    "stepsCount" : 0,
    "hasContent" : false,
    "shouldDisplayMessage" : false,
    "attachmentsCount" : 0
  } ],
  "labels" : [ {
    "name" : "package",
    "value" : "allure_reports.Tests"
  }, {
    "name" : "testClass",
    "value" : "allure_reports.Tests"
  }, {
    "name" : "testMethod",
    "value" : "registrationTest"
  }, {
    "name" : "parentSuite",
    "value" : "All Test Suite"
  }, {
    "name" : "suite",
    "value" : "E:/IT/AllureReportSeleniumTestNG"
  }, {
    "name" : "subSuite",
    "value" : "allure_reports.Tests"
  }, {
    "name" : "host",
    "value" : "DESKTOP-1CSVMUE"
  }, {
    "name" : "thread",
    "value" : "9392@DESKTOP-1CSVMUE.main(1)"
  }, {
    "name" : "framework",
    "value" : "testng"
  }, {
    "name" : "language",
    "value" : "java"
  }, {
    "name" : "story",
    "value" : "Story: Valid Login"
  }, {
    "name" : "feature",
    "value" : "Feature 1: Login"
  }, {
    "name" : "epic",
    "value" : "EP001"
  }, {
    "name" : "severity",
    "value" : "normal"
  }, {
    "name" : "resultFormat",
    "value" : "allure2"
  } ],
  "parameters" : [ ],
  "links" : [ ],
  "hidden" : false,
  "retry" : false,
  "extra" : {
    "severity" : "normal",
    "retries" : [ {
      "uid" : "40ee3888b41c9ea4",
      "status" : "skipped",
      "statusDetails" : "Skipping this test",
      "time" : {
        "start" : 1622124286849,
        "stop" : 1622124286849,
        "duration" : 0
      }
    }, {
      "uid" : "20720273a58c6a55",
      "status" : "skipped",
      "statusDetails" : "Skipping this test",
      "time" : {
        "start" : 1622124243065,
        "stop" : 1622124243066,
        "duration" : 1
      }
    }, {
      "uid" : "d8bbfcb2b57c4da7",
      "status" : "skipped",
      "statusDetails" : "Skipping this test",
      "time" : {
        "start" : 1622113391829,
        "stop" : 1622113391829,
        "duration" : 0
      }
    }, {
      "uid" : "9353af70c90f1393",
      "status" : "skipped",
      "statusDetails" : "Skipping this test",
      "time" : {
        "start" : 1621287784510,
        "stop" : 1621287784511,
        "duration" : 1
      }
    }, {
      "uid" : "2d31b73f2503f4d1",
      "status" : "skipped",
      "statusDetails" : "Skipping this test",
      "time" : {
        "start" : 1621287704990,
        "stop" : 1621287704991,
        "duration" : 1
      }
    }, {
      "uid" : "d9120542588a49e1",
      "status" : "skipped",
      "statusDetails" : "Skipping this test",
      "time" : {
        "start" : 1621285853917,
        "stop" : 1621285853918,
        "duration" : 1
      }
    }, {
      "uid" : "4947984c7066c677",
      "status" : "skipped",
      "statusDetails" : "Skipping this test",
      "time" : {
        "start" : 1621280061863,
        "stop" : 1621280061864,
        "duration" : 1
      }
    }, {
      "uid" : "e53fb496f3ae4053",
      "status" : "skipped",
      "statusDetails" : "Skipping this test",
      "time" : {
        "start" : 1621201677054,
        "stop" : 1621201677055,
        "duration" : 1
      }
    }, {
      "uid" : "5323f7fbf9363b25",
      "status" : "skipped",
      "statusDetails" : "Skipping this test",
      "time" : {
        "start" : 1621201510311,
        "stop" : 1621201510312,
        "duration" : 1
      }
    }, {
      "uid" : "5f583257525c9e0e",
      "status" : "skipped",
      "statusDetails" : "Skipping this test",
      "time" : {
        "start" : 1621201263296,
        "stop" : 1621201263296,
        "duration" : 0
      }
    }, {
      "uid" : "5c7030a8fa2f7084",
      "status" : "skipped",
      "statusDetails" : "Skipping this test",
      "time" : {
        "start" : 1621201146105,
        "stop" : 1621201146105,
        "duration" : 0
      }
    }, {
      "uid" : "48118b4d96eb15f9",
      "status" : "skipped",
      "statusDetails" : "Skipping this test",
      "time" : {
        "start" : 1621198578507,
        "stop" : 1621198578507,
        "duration" : 0
      }
    }, {
      "uid" : "6511f43ce22c9f7e",
      "status" : "skipped",
      "statusDetails" : "Skipping this test",
      "time" : {
        "start" : 1619112649921,
        "stop" : 1619112649922,
        "duration" : 1
      }
    } ],
    "categories" : [ ],
    "tags" : [ ]
  },
  "source" : "814d5ccf0e86d3ac.json",
  "parameterValues" : [ ]
}